<?xml version="1.0" encoding="UTF-8"?>
<!-- Generated by org.testng.reporters.JUnitReportReporter -->
<testsuite skipped="0" hostname="DESKTOP-R659SIQ" name="baseclasses.UnitTestBaseClass" tests="1" failures="0" timestamp="21 Dec 2020 15:35:38 GMT" time="0.009" errors="0">
  <testcase name="googleTitleTest" time="0.009" classname="baseclasses.UnitTestBaseClass"/>
</testsuite> <!-- baseclasses.UnitTestBaseClass -->
