<?xml version="1.0" encoding="UTF-8"?>
<!-- Generated by org.testng.reporters.JUnitReportReporter -->
<testsuite skipped="0" hostname="DESKTOP-R659SIQ" name="testNGframework.Testngbasics" tests="3" failures="0" timestamp="21 Dec 2020 15:12:56 GMT" time="0.017" errors="0">
  <testcase name="SearchTest" time="0.012" classname="testNGframework.Testngbasics"/>
  <testcase name="googleTitleTest" time="0.002" classname="testNGframework.Testngbasics"/>
  <testcase name="logoTest" time="0.003" classname="testNGframework.Testngbasics"/>
</testsuite> <!-- testNGframework.Testngbasics -->
