<?xml version="1.0" encoding="UTF-8"?>
<!-- Generated by org.testng.reporters.JUnitReportReporter -->
<testsuite skipped="0" hostname="DESKTOP-R659SIQ" name="unit.FirstTestNGTest" tests="4" failures="0" timestamp="21 Dec 2020 15:59:39 GMT" time="0.012" errors="0">
  <testcase name="getNonExistingUserReturnsNull" time="0.002" classname="unit.FirstTestNGTest"/>
  <testcase name="googleTitleTest" time="0.002" classname="unit.FirstTestNGTest"/>
  <testcase name="getExistingUserReturnsExistingSavedUser" time="0.006" classname="unit.FirstTestNGTest"/>
  <testcase name="successfulAddUserReturnsTrue" time="0.002" classname="unit.FirstTestNGTest"/>
</testsuite> <!-- unit.FirstTestNGTest -->
