<?xml version="1.0" encoding="UTF-8"?>
<!-- Generated by org.testng.reporters.JUnitReportReporter -->
<testsuite skipped="0" hostname="DESKTOP-R659SIQ" name="testNGframework.Testngdependency" tests="2" failures="0" timestamp="21 Dec 2020 15:19:06 GMT" time="0.021" errors="0">
  <testcase name="loginTest" time="0.019" classname="testNGframework.Testngdependency"/>
  <testcase name="HomepageTest" time="0.002" classname="testNGframework.Testngdependency"/>
</testsuite> <!-- testNGframework.Testngdependency -->
